<?xml version="1.0" encoding="UTF-8"?>
<!-- Generated by org.testng.reporters.JUnitXMLReporter -->
<testsuite ignored="0" hostname="DESKTOP-183MPDU" failures="0" tests="7" name="Command line test" time="106.843" errors="0" timestamp="2021-07-25T23:50:45 AEST">
  <testcase classname="Assessment.PlanitAutomationAssessment.ContactPageTest" name="navigateToContact" time="0.223"/>
  <testcase classname="Assessment.PlanitAutomationAssessment.ContactPageTest" name="validateErrorMessages" time="72.295"/>
  <testcase classname="Assessment.PlanitAutomationAssessment.ContactPageTest" name="successfullSubmition" time="9.459"/>
  <testcase classname="Assessment.PlanitAutomationAssessment.ContactPageTest" name="successfullSubmition" time="3.942"/>
  <testcase classname="Assessment.PlanitAutomationAssessment.ContactPageTest" name="successfullSubmition" time="6.394"/>
  <testcase classname="Assessment.PlanitAutomationAssessment.ContactPageTest" name="successfullSubmition" time="2.552"/>
  <testcase classname="Assessment.PlanitAutomationAssessment.ContactPageTest" name="successfullSubmition" time="5.366"/>
</testsuite> <!-- Command line test -->
