<?xml version="1.0" encoding="UTF-8"?>
<!-- Generated by org.testng.reporters.JUnitXMLReporter -->
<testsuite ignored="0" hostname="DESKTOP-183MPDU" failures="0" tests="3" name="Command line test" time="26.061" errors="0" timestamp="2021-07-26T01:26:30 AEST">
  <testcase classname="Assessment.PlanitAutomationAssessment.ShopPageTest" name="navigateToShop" time="0.52"/>
  <testcase classname="Assessment.PlanitAutomationAssessment.ShopPageTest" name="verifyShop" time="3.128"/>
  <testcase classname="Assessment.PlanitAutomationAssessment.ShopPageTest" name="verifyCart" time="14.944"/>
</testsuite> <!-- Command line test -->
