<?xml version="1.0" encoding="UTF-8"?>
<testng-results ignored="0" total="3" passed="3" failed="0" skipped="0">
  <reporter-output>
  </reporter-output>
  <suite started-at="2021-07-26T01:26:04 AEST" name="Assessment.PlanitAutomationAssessment.ShopPageTest" finished-at="2021-07-26T01:26:30 AEST" duration-ms="26061">
    <groups>
    </groups>
    <test started-at="2021-07-26T01:26:04 AEST" name="Command line test" finished-at="2021-07-26T01:26:30 AEST" duration-ms="26061">
      <class name="Assessment.PlanitAutomationAssessment.ShopPageTest">
        <test-method is-config="true" signature="basePageNavigation()[pri:0, instance:Assessment.PlanitAutomationAssessment.ShopPageTest@78ac1102]" started-at="2021-07-26T01:26:04 AEST" name="basePageNavigation" finished-at="2021-07-26T01:26:09 AEST" duration-ms="5453" status="PASS">
          <reporter-output>
          </reporter-output>
        </test-method> <!-- basePageNavigation -->
        <test-method signature="navigateToShop()[pri:0, instance:Assessment.PlanitAutomationAssessment.ShopPageTest@78ac1102]" started-at="2021-07-26T01:26:09 AEST" name="navigateToShop" finished-at="2021-07-26T01:26:10 AEST" duration-ms="520" status="PASS">
          <reporter-output>
          </reporter-output>
        </test-method> <!-- navigateToShop -->
        <test-method signature="verifyShop(java.lang.String, java.lang.String, java.lang.String, java.lang.String)[pri:1, instance:Assessment.PlanitAutomationAssessment.ShopPageTest@78ac1102]" started-at="2021-07-26T01:26:11 AEST" name="verifyShop" data-provider="shopDataProduct" finished-at="2021-07-26T01:26:14 AEST" depends-on-methods="Assessment.PlanitAutomationAssessment.ShopPageTest.navigateToShop" duration-ms="3128" status="PASS">
          <params>
            <param index="0">
              <value>
                <![CDATA[Fluffy Bunny]]>
              </value>
            </param>
            <param index="1">
              <value>
                <![CDATA[1]]>
              </value>
            </param>
            <param index="2">
              <value>
                <![CDATA[Funny Cow]]>
              </value>
            </param>
            <param index="3">
              <value>
                <![CDATA[2]]>
              </value>
            </param>
          </params>
          <reporter-output>
          </reporter-output>
        </test-method> <!-- verifyShop -->
        <test-method signature="verifyCart(java.lang.String, java.lang.String, java.lang.String, java.lang.String, java.lang.String, java.lang.String, java.lang.String, java.lang.String, java.lang.String)[pri:2, instance:Assessment.PlanitAutomationAssessment.ShopPageTest@78ac1102]" started-at="2021-07-26T01:26:15 AEST" name="verifyCart" data-provider="cartDataProduct" finished-at="2021-07-26T01:26:30 AEST" depends-on-methods="Assessment.PlanitAutomationAssessment.ShopPageTest.navigateToShop" duration-ms="14944" status="PASS">
          <params>
            <param index="0">
              <value>
                <![CDATA[Stuffed Frog]]>
              </value>
            </param>
            <param index="1">
              <value>
                <![CDATA[$10.99]]>
              </value>
            </param>
            <param index="2">
              <value>
                <![CDATA[2]]>
              </value>
            </param>
            <param index="3">
              <value>
                <![CDATA[Fluffy Bunny]]>
              </value>
            </param>
            <param index="4">
              <value>
                <![CDATA[$9.99]]>
              </value>
            </param>
            <param index="5">
              <value>
                <![CDATA[5]]>
              </value>
            </param>
            <param index="6">
              <value>
                <![CDATA[Valentine Bear]]>
              </value>
            </param>
            <param index="7">
              <value>
                <![CDATA[$14.99]]>
              </value>
            </param>
            <param index="8">
              <value>
                <![CDATA[3]]>
              </value>
            </param>
          </params>
          <reporter-output>
          </reporter-output>
        </test-method> <!-- verifyCart -->
        <test-method is-config="true" signature="CloseBrowser()[pri:0, instance:Assessment.PlanitAutomationAssessment.ShopPageTest@78ac1102]" started-at="2021-07-26T01:26:30 AEST" name="CloseBrowser" finished-at="2021-07-26T01:26:30 AEST" duration-ms="145" status="PASS">
          <reporter-output>
          </reporter-output>
        </test-method> <!-- CloseBrowser -->
      </class> <!-- Assessment.PlanitAutomationAssessment.ShopPageTest -->
    </test> <!-- Command line test -->
  </suite> <!-- Assessment.PlanitAutomationAssessment.ShopPageTest -->
</testng-results>
