<?xml version="1.0" encoding="UTF-8"?>
<testsuite name="TestSuite" time="126.544" tests="10" errors="0" skipped="0" failures="0">
  <properties>
[...]
</properties>
  <testcase name="navigateToContact" classname="Assessment.PlanitAutomationAssessment.ContactPageTest" time="0.204"/>
  <testcase name="validateErrorMessages" classname="Assessment.PlanitAutomationAssessment.ContactPageTest" time="64.949"/>
  <testcase name="successfullSubmition" classname="Assessment.PlanitAutomationAssessment.ContactPageTest" time="7.948"/>
  <testcase name="successfullSubmition" classname="Assessment.PlanitAutomationAssessment.ContactPageTest" time="13.191"/>
  <testcase name="successfullSubmition" classname="Assessment.PlanitAutomationAssessment.ContactPageTest" time="3.576"/>
  <testcase name="successfullSubmition" classname="Assessment.PlanitAutomationAssessment.ContactPageTest" time="18.625"/>
  <testcase name="successfullSubmition" classname="Assessment.PlanitAutomationAssessment.ContactPageTest" time="1.886"/>
  <testcase name="navigateToShop" classname="Assessment.PlanitAutomationAssessment.ShopPageTest" time="0.227"/>
  <testcase name="verifyShop" classname="Assessment.PlanitAutomationAssessment.ShopPageTest" time="1.823"/>
  <testcase name="verifyCart" classname="Assessment.PlanitAutomationAssessment.ShopPageTest" time="14.115"/>
</testsuite>