<?xml version="1.0" encoding="UTF-8"?>
<testsuite name="Assessment.PlanitAutomationAssessment.ContactPageTest" time="100.235" tests="7" errors="0" skipped="0" failures="0">
  <properties>
[...]
</properties>
  <testcase name="navigateToContact" classname="Assessment.PlanitAutomationAssessment.ContactPageTest" time="0.224"/>
  <testcase name="validateErrorMessages" classname="Assessment.PlanitAutomationAssessment.ContactPageTest" time="72.296"/>
  <testcase name="successfullSubmition" classname="Assessment.PlanitAutomationAssessment.ContactPageTest" time="9.459"/>
  <testcase name="successfullSubmition" classname="Assessment.PlanitAutomationAssessment.ContactPageTest" time="3.943"/>
  <testcase name="successfullSubmition" classname="Assessment.PlanitAutomationAssessment.ContactPageTest" time="6.395"/>
  <testcase name="successfullSubmition" classname="Assessment.PlanitAutomationAssessment.ContactPageTest" time="2.552"/>
  <testcase name="successfullSubmition" classname="Assessment.PlanitAutomationAssessment.ContactPageTest" time="5.366"/>
</testsuite>