<?xml version="1.0" encoding="UTF-8"?>
<!-- Generated by org.testng.reporters.JUnitXMLReporter -->
<testsuite ignored="0" hostname="DESKTOP-183MPDU" failures="0" tests="3" name="Assessment Test2" time="20.505" errors="0" timestamp="2021-07-25T23:41:11 AEST">
  <testcase classname="Assessment.PlanitAutomationAssessment.ShopPageTest" name="navigateToShop" time="0.228"/>
  <testcase classname="Assessment.PlanitAutomationAssessment.ShopPageTest" name="verifyShop" time="1.822"/>
  <testcase classname="Assessment.PlanitAutomationAssessment.ShopPageTest" name="verifyCart" time="14.121"/>
</testsuite> <!-- Assessment Test2 -->
