<?xml version="1.0" encoding="UTF-8"?>
<!-- Generated by org.testng.reporters.JUnitXMLReporter -->
<testsuite ignored="0" hostname="DESKTOP-183MPDU" failures="0" tests="7" name="Assessment Test1" time="117.273" errors="0" timestamp="2021-07-25T23:40:51 AEST">
  <testcase classname="Assessment.PlanitAutomationAssessment.ContactPageTest" name="navigateToContact" time="0.201"/>
  <testcase classname="Assessment.PlanitAutomationAssessment.ContactPageTest" name="validateErrorMessages" time="64.948"/>
  <testcase classname="Assessment.PlanitAutomationAssessment.ContactPageTest" name="successfullSubmition" time="7.947"/>
  <testcase classname="Assessment.PlanitAutomationAssessment.ContactPageTest" name="successfullSubmition" time="13.19"/>
  <testcase classname="Assessment.PlanitAutomationAssessment.ContactPageTest" name="successfullSubmition" time="3.575"/>
  <testcase classname="Assessment.PlanitAutomationAssessment.ContactPageTest" name="successfullSubmition" time="18.626"/>
  <testcase classname="Assessment.PlanitAutomationAssessment.ContactPageTest" name="successfullSubmition" time="1.887"/>
</testsuite> <!-- Assessment Test1 -->
