<?xml version="1.0" encoding="UTF-8"?>
<!-- Generated by org.testng.reporters.JUnitXMLReporter -->
<testsuite ignored="0" hostname="DESKTOP-183MPDU" failures="0" tests="2" name="Assessment Test" time="69.047" errors="0" timestamp="2021-07-24T19:30:20 AEST">
  <testcase classname="Assessment.PlanitAutomationAssessment.HomePageTest" name="navigateToContact" time="0.332"/>
  <testcase classname="Assessment.PlanitAutomationAssessment.HomePageTest" name="validateErrorMessages" time="60.693"/>
</testsuite> <!-- Assessment Test -->
